<?xml version="1.0" encoding="UTF-8"?>
<testsuites>
  <testsuite name="Wait Group Test Suite" tests="23" assertions="36" errors="0" failures="0" skipped="0" time="6.189673">
    <testsuite name="Denismitr\Async\Tests\ChildScriptTest" file="/home/vagrant/Code/repos/async-runner/tests/ChildScriptTest.php" tests="1" assertions="1" errors="0" failures="0" skipped="0" time="0.095293">
      <testcase name="it_runs" class="Denismitr\Async\Tests\ChildScriptTest" classname="Denismitr.Async.Tests.ChildScriptTest" file="/home/vagrant/Code/repos/async-runner/tests/ChildScriptTest.php" line="13" assertions="1" time="0.095293"/>
    </testsuite>
    <testsuite name="Denismitr\Async\Tests\ErrorHandlingTest" file="/home/vagrant/Code/repos/async-runner/tests/ErrorHandlingTest.php" tests="5" assertions="12" errors="0" failures="0" skipped="0" time="0.535967">
      <testcase name="it_can_handle_exceptions_via_catch_callback" class="Denismitr\Async\Tests\ErrorHandlingTest" classname="Denismitr.Async.Tests.ErrorHandlingTest" file="/home/vagrant/Code/repos/async-runner/tests/ErrorHandlingTest.php" line="16" assertions="6" time="0.299883"/>
      <testcase name="it_throws_the_exception_if_no_catch_callback" class="Denismitr\Async\Tests\ErrorHandlingTest" classname="Denismitr.Async.Tests.ErrorHandlingTest" file="/home/vagrant/Code/repos/async-runner/tests/ErrorHandlingTest.php" line="34" assertions="2" time="0.064442"/>
      <testcase name="it_throws_fatal_errors" class="Denismitr\Async\Tests\ErrorHandlingTest" classname="Denismitr.Async.Tests.ErrorHandlingTest" file="/home/vagrant/Code/repos/async-runner/tests/ErrorHandlingTest.php" line="49" assertions="2" time="0.055377"/>
      <testcase name="it_handles_stderr_as_parallel_error" class="Denismitr\Async\Tests\ErrorHandlingTest" classname="Denismitr.Async.Tests.ErrorHandlingTest" file="/home/vagrant/Code/repos/async-runner/tests/ErrorHandlingTest.php" line="64" assertions="1" time="0.057562"/>
      <testcase name="deep_syntax_errors_are_thrown" class="Denismitr\Async\Tests\ErrorHandlingTest" classname="Denismitr.Async.Tests.ErrorHandlingTest" file="/home/vagrant/Code/repos/async-runner/tests/ErrorHandlingTest.php" line="78" assertions="1" time="0.058703"/>
    </testsuite>
    <testsuite name="Denismitr\Async\Tests\StateTest" file="/home/vagrant/Code/repos/async-runner/tests/StateTest.php" tests="3" assertions="5" errors="0" failures="0" skipped="0" time="0.352343">
      <testcase name="it_can_show_a_textual_state" class="Denismitr\Async\Tests\StateTest" classname="Denismitr.Async.Tests.StateTest" file="/home/vagrant/Code/repos/async-runner/tests/StateTest.php" line="13" assertions="1" time="0.003864"/>
      <testcase name="it_can_show_a_textual_failed_status" class="Denismitr\Async\Tests\StateTest" classname="Denismitr.Async.Tests.StateTest" file="/home/vagrant/Code/repos/async-runner/tests/StateTest.php" line="23" assertions="3" time="0.328216"/>
      <testcase name="it_can_show_timeout_status" class="Denismitr\Async\Tests\StateTest" classname="Denismitr.Async.Tests.StateTest" file="/home/vagrant/Code/repos/async-runner/tests/StateTest.php" line="43" assertions="1" time="0.020263"/>
    </testsuite>
    <testsuite name="Denismitr\Async\Tests\WaitGroupTest" file="/home/vagrant/Code/repos/async-runner/tests/WaitGroupTest.php" tests="14" assertions="18" errors="0" failures="0" skipped="0" time="5.206071">
      <testcase name="it_can_tun_processes_in_parallel" class="Denismitr\Async\Tests\WaitGroupTest" classname="Denismitr.Async.Tests.WaitGroupTest" file="/home/vagrant/Code/repos/async-runner/tests/WaitGroupTest.php" line="34" assertions="1" time="0.513886"/>
      <testcase name="it_can_handle_success" class="Denismitr\Async\Tests\WaitGroupTest" classname="Denismitr.Async.Tests.WaitGroupTest" file="/home/vagrant/Code/repos/async-runner/tests/WaitGroupTest.php" line="58" assertions="1" time="0.549163"/>
      <testcase name="it_can_handle_timeout" class="Denismitr\Async\Tests\WaitGroupTest" classname="Denismitr.Async.Tests.WaitGroupTest" file="/home/vagrant/Code/repos/async-runner/tests/WaitGroupTest.php" line="77" assertions="1" time="1.029619"/>
      <testcase name="it_can_handle_a_maximum_of_concurrent_processes" class="Denismitr\Async\Tests\WaitGroupTest" classname="Denismitr.Async.Tests.WaitGroupTest" file="/home/vagrant/Code/repos/async-runner/tests/WaitGroupTest.php" line="98" assertions="3" time="2.278992"/>
      <testcase name="it_works_with_helper_functions" class="Denismitr\Async\Tests\WaitGroupTest" classname="Denismitr.Async.Tests.WaitGroupTest" file="/home/vagrant/Code/repos/async-runner/tests/WaitGroupTest.php" line="122" assertions="1" time="0.274221"/>
      <testcase name="it_can_use_a_class_from_the_parent_process" class="Denismitr\Async\Tests\WaitGroupTest" classname="Denismitr.Async.Tests.WaitGroupTest" file="/home/vagrant/Code/repos/async-runner/tests/WaitGroupTest.php" line="143" assertions="2" time="0.059972"/>
      <testcase name="it_returns_all_the_output_as_an_array" class="Denismitr\Async\Tests\WaitGroupTest" classname="Denismitr.Async.Tests.WaitGroupTest" file="/home/vagrant/Code/repos/async-runner/tests/WaitGroupTest.php" line="167" assertions="2" time="0.272391"/>
      <testcase name="it_can_work_with_tasks" class="Denismitr\Async\Tests\WaitGroupTest" classname="Denismitr.Async.Tests.WaitGroupTest" file="/home/vagrant/Code/repos/async-runner/tests/WaitGroupTest.php" line="186" assertions="1" time="0.056290"/>
      <testcase name="it_can_accept_tasks_with_wg_add" class="Denismitr\Async\Tests\WaitGroupTest" classname="Denismitr.Async.Tests.WaitGroupTest" file="/home/vagrant/Code/repos/async-runner/tests/WaitGroupTest.php" line="198" assertions="1" time="0.055566"/>
      <testcase name="it_can_check_for_asynchronous_support" class="Denismitr\Async\Tests\WaitGroupTest" classname="Denismitr.Async.Tests.WaitGroupTest" file="/home/vagrant/Code/repos/async-runner/tests/WaitGroupTest.php" line="210" assertions="1" time="0.000094"/>
      <testcase name="it_can_run_invokable_classes" class="Denismitr\Async\Tests\WaitGroupTest" classname="Denismitr.Async.Tests.WaitGroupTest" file="/home/vagrant/Code/repos/async-runner/tests/WaitGroupTest.php" line="216" assertions="1" time="0.056766"/>
      <testcase name="it_reports_error_for_non_invokable_classes" class="Denismitr\Async\Tests\WaitGroupTest" classname="Denismitr.Async.Tests.WaitGroupTest" file="/home/vagrant/Code/repos/async-runner/tests/WaitGroupTest.php" line="227" assertions="1" time="0.002160"/>
      <testcase name="it_will_automatically_schedule_synchronous_tasks_if_pcntl_not_supported" class="Denismitr\Async\Tests\WaitGroupTest" classname="Denismitr.Async.Tests.WaitGroupTest" file="/home/vagrant/Code/repos/async-runner/tests/WaitGroupTest.php" line="259" assertions="1" time="0.001410"/>
      <testcase name="it_takes_an_intermediate_callback" class="Denismitr\Async\Tests\WaitGroupTest" classname="Denismitr.Async.Tests.WaitGroupTest" file="/home/vagrant/Code/repos/async-runner/tests/WaitGroupTest.php" line="275" assertions="1" time="0.055540"/>
    </testsuite>
  </testsuite>
</testsuites>
